[gamblingturkey.webflow.io/index.html]
[backblue.gif]
[fade.gif]
[index.html]
[gamblingturkey.webflow.io/index.html]
[gamblingturkey.webflow.io/analysis]
[gamblingturkey.webflow.io/strategy]
[gamblingturkey.webflow.io/publishers]
[gamblingturkey.webflow.io/social-media-services]
[gamblingturkey.webflow.io/design-services]
[gamblingturkey.webflow.io/content-creation]
[gamblingturkey.webflow.io/paid-ads]
[gamblingturkey.webflow.io/seo-services]
[gamblingturkey.webflow.io/local-payment-services]
[gamblingturkey.webflow.io/translation-localization]
[gamblingturkey.webflow.io/payment-testing]
[gamblingturkey.webflow.io/how-we-work]
[gamblingturkey.webflow.io/gambling-in-turkey]
[gamblingturkey.webflow.io/affialite-network]
[gamblingturkey.webflow.io/contact]
[gamblingturkey.webflow.io/_https_/uploads-ssl.webflow.com/63f5228a0988102c095adf83/6459673fd3b7d23b285404a8_4x2AniDarkSection-poster-00001.jpg_]
[gamblingturkey.webflow.io/privacy-policy]
[gamblingturkey.webflow.io/tos]
